2018-11-10 21:44:05,854 [WARN] from org.drools.compiler.kie.builder.impl.ClasspathKieProject in play-dev-mode-akka.actor.default-dispatcher-9 - Unable to find pom.properties in /Users/bingerso/GitHub-Projects/csc750-project4/bingers-project4/target/scala-2.12/classes
2018-11-10 21:44:05,854 [WARN] from org.drools.compiler.kie.builder.impl.ClasspathKieProject in play-dev-mode-akka.actor.default-dispatcher-9 - As folder project tried to fall back to pom.xml, but could not find one
2018-11-10 21:44:05,854 [WARN] from org.drools.compiler.kie.builder.impl.ClasspathKieProject in play-dev-mode-akka.actor.default-dispatcher-9 - Unable to load pom.properties from/Users/bingerso/GitHub-Projects/csc750-project4/bingers-project4/target/scala-2.12/classes
2018-11-10 21:44:05,854 [WARN] from org.drools.compiler.kie.builder.impl.ClasspathKieProject in play-dev-mode-akka.actor.default-dispatcher-9 - Cannot find maven pom properties for this project. Using the container's default ReleaseId
2018-11-10 21:44:06,320 [ERROR] from org.drools.compiler.kie.builder.impl.KieProject in play-dev-mode-akka.actor.default-dispatcher-9 - Unable to build KieBaseModel:kbase1
Predicate '$o.getIndividual(NS + $t.getSenderID())' must be a Boolean expression
[Line: 65, Column: 4] : [Rule name='3b']

Predicate '$o.getIndividual(NS + $t.getReceiverID())' must be a Boolean expression
[Line: 66, Column: 4] : [Rule name='3b']

Unable to resolve ObjectType '$sender.hasOntClass' : [Rule name='3b']

Unable to resolve ObjectType '$receiver.hasOntClass' : [Rule name='3b']


2018-11-10 21:44:06,372 [INFO] from play.api.http.EnabledFilters in play-dev-mode-akka.actor.default-dispatcher-9 - Enabled Filters (see <https://www.playframework.com/documentation/latest/Filters>):

    play.filters.csrf.CSRFFilter
    play.filters.headers.SecurityHeadersFilter

2018-11-10 21:44:06,436 [ERROR] from application in play-dev-mode-akka.actor.default-dispatcher-9 - 

! @79p8n2hbk - Internal server error, for (POST) [/addmerchant/merchant1] ->
 
play.api.UnexpectedException: Unexpected exception[ProvisionException: Unable to provision, see the following errors:

1) Error injecting constructor, java.lang.RuntimeException: Error while creating KieBase[Message [id=1, kieBase=kbase1, level=ERROR, path=Project4Rules.drl, line=65, column=0
   text=Predicate '$o.getIndividual(NS + $t.getSenderID())' must be a Boolean expression
[Line: 65, Column: 4]], Message [id=2, kieBase=kbase1, level=ERROR, path=Project4Rules.drl, line=66, column=0
   text=Predicate '$o.getIndividual(NS + $t.getReceiverID())' must be a Boolean expression
[Line: 66, Column: 4]], Message [id=3, kieBase=kbase1, level=ERROR, path=Project4Rules.drl, line=67, column=0
   text=Unable to resolve ObjectType '$sender.hasOntClass'], Message [id=4, kieBase=kbase1, level=ERROR, path=Project4Rules.drl, line=67, column=0
   text=Unable to resolve ObjectType '$receiver.hasOntClass']]
  at plugins.Drools.<init>(Drools.java:22)
  at plugins.Drools.class(Drools.java:22)
  while locating plugins.Drools
    for field at controllers.HomeController.drools(HomeController.java:42)
  while locating controllers.HomeController
    for the 3rd parameter of router.Routes.<init>(Routes.scala:30)
  while locating router.Routes
  while locating play.api.inject.RoutesProvider
  while locating play.api.routing.Router
    for the 1st parameter of play.api.http.JavaCompatibleHttpRequestHandler.<init>(HttpRequestHandler.scala:217)
  while locating play.api.http.JavaCompatibleHttpRequestHandler
  while locating play.api.http.HttpRequestHandler
    for the 6th parameter of play.api.DefaultApplication.<init>(Application.scala:236)
  at play.api.DefaultApplication.class(Application.scala:235)
  while locating play.api.DefaultApplication
  while locating play.api.Application

1 error]
	at play.core.server.DevServerStart$$anon$1.reload(DevServerStart.scala:186)
	at play.core.server.DevServerStart$$anon$1.get(DevServerStart.scala:124)
	at play.core.server.AkkaHttpServer.handleRequest(AkkaHttpServer.scala:222)
	at play.core.server.AkkaHttpServer.$anonfun$createServerBinding$1(AkkaHttpServer.scala:138)
	at akka.stream.impl.fusing.MapAsyncUnordered$$anon$26.onPush(Ops.scala:1303)
	at akka.stream.impl.fusing.GraphInterpreter.processPush(GraphInterpreter.scala:519)
	at akka.stream.impl.fusing.GraphInterpreter.processEvent(GraphInterpreter.scala:482)
	at akka.stream.impl.fusing.GraphInterpreter.execute(GraphInterpreter.scala:378)
	at akka.stream.impl.fusing.GraphInterpreterShell.runBatch(ActorGraphInterpreter.scala:588)
	at akka.stream.impl.fusing.GraphInterpreterShell$AsyncInput.execute(ActorGraphInterpreter.scala:472)
	at akka.stream.impl.fusing.GraphInterpreterShell.processEvent(ActorGraphInterpreter.scala:563)
	at akka.stream.impl.fusing.ActorGraphInterpreter.akka$stream$impl$fusing$ActorGraphInterpreter$$processEvent(ActorGraphInterpreter.scala:745)
	at akka.stream.impl.fusing.ActorGraphInterpreter$$anonfun$receive$1.applyOrElse(ActorGraphInterpreter.scala:760)
	at akka.actor.Actor.aroundReceive(Actor.scala:517)
	at akka.actor.Actor.aroundReceive$(Actor.scala:515)
	at akka.stream.impl.fusing.ActorGraphInterpreter.aroundReceive(ActorGraphInterpreter.scala:670)
	at akka.actor.ActorCell.receiveMessage(ActorCell.scala:588)
	at akka.actor.ActorCell.invoke(ActorCell.scala:557)
	at akka.dispatch.Mailbox.processMailbox(Mailbox.scala:258)
	at akka.dispatch.Mailbox.run(Mailbox.scala:225)
	at akka.dispatch.Mailbox.exec(Mailbox.scala:235)
	at akka.dispatch.forkjoin.ForkJoinTask.doExec(ForkJoinTask.java:260)
	at akka.dispatch.forkjoin.ForkJoinPool$WorkQueue.runTask(ForkJoinPool.java:1339)
	at akka.dispatch.forkjoin.ForkJoinPool.runWorker(ForkJoinPool.java:1979)
	at akka.dispatch.forkjoin.ForkJoinWorkerThread.run(ForkJoinWorkerThread.java:107)
Caused by: com.google.inject.ProvisionException: Unable to provision, see the following errors:

1) Error injecting constructor, java.lang.RuntimeException: Error while creating KieBase[Message [id=1, kieBase=kbase1, level=ERROR, path=Project4Rules.drl, line=65, column=0
   text=Predicate '$o.getIndividual(NS + $t.getSenderID())' must be a Boolean expression
[Line: 65, Column: 4]], Message [id=2, kieBase=kbase1, level=ERROR, path=Project4Rules.drl, line=66, column=0
   text=Predicate '$o.getIndividual(NS + $t.getReceiverID())' must be a Boolean expression
[Line: 66, Column: 4]], Message [id=3, kieBase=kbase1, level=ERROR, path=Project4Rules.drl, line=67, column=0
   text=Unable to resolve ObjectType '$sender.hasOntClass'], Message [id=4, kieBase=kbase1, level=ERROR, path=Project4Rules.drl, line=67, column=0
   text=Unable to resolve ObjectType '$receiver.hasOntClass']]
  at plugins.Drools.<init>(Drools.java:22)
  at plugins.Drools.class(Drools.java:22)
  while locating plugins.Drools
    for field at controllers.HomeController.drools(HomeController.java:42)
  while locating controllers.HomeController
    for the 3rd parameter of router.Routes.<init>(Routes.scala:30)
  while locating router.Routes
  while locating play.api.inject.RoutesProvider
  while locating play.api.routing.Router
    for the 1st parameter of play.api.http.JavaCompatibleHttpRequestHandler.<init>(HttpRequestHandler.scala:217)
  while locating play.api.http.JavaCompatibleHttpRequestHandler
  while locating play.api.http.HttpRequestHandler
    for the 6th parameter of play.api.DefaultApplication.<init>(Application.scala:236)
  at play.api.DefaultApplication.class(Application.scala:235)
  while locating play.api.DefaultApplication
  while locating play.api.Application

1 error
	at com.google.inject.internal.InjectorImpl$2.get(InjectorImpl.java:1028)
	at com.google.inject.internal.InjectorImpl.getInstance(InjectorImpl.java:1054)
	at play.api.inject.guice.GuiceInjector.instanceOf(GuiceInjectorBuilder.scala:409)
	at play.api.inject.guice.GuiceInjector.instanceOf(GuiceInjectorBuilder.scala:404)
	at play.api.inject.ContextClassLoaderInjector.$anonfun$instanceOf$2(Injector.scala:117)
	at play.api.inject.ContextClassLoaderInjector.withContext(Injector.scala:126)
	at play.api.inject.ContextClassLoaderInjector.instanceOf(Injector.scala:117)
	at play.api.inject.guice.GuiceApplicationBuilder.build(GuiceApplicationBuilder.scala:137)
	at play.api.inject.guice.GuiceApplicationLoader.load(GuiceApplicationLoader.scala:21)
	at play.core.server.DevServerStart$$anon$1.$anonfun$reload$3(DevServerStart.scala:174)
	at play.utils.Threads$.withContextClassLoader(Threads.scala:21)
	at play.core.server.DevServerStart$$anon$1.reload(DevServerStart.scala:171)
	... 24 common frames omitted
Caused by: java.lang.RuntimeException: Error while creating KieBase[Message [id=1, kieBase=kbase1, level=ERROR, path=Project4Rules.drl, line=65, column=0
   text=Predicate '$o.getIndividual(NS + $t.getSenderID())' must be a Boolean expression
[Line: 65, Column: 4]], Message [id=2, kieBase=kbase1, level=ERROR, path=Project4Rules.drl, line=66, column=0
   text=Predicate '$o.getIndividual(NS + $t.getReceiverID())' must be a Boolean expression
[Line: 66, Column: 4]], Message [id=3, kieBase=kbase1, level=ERROR, path=Project4Rules.drl, line=67, column=0
   text=Unable to resolve ObjectType '$sender.hasOntClass'], Message [id=4, kieBase=kbase1, level=ERROR, path=Project4Rules.drl, line=67, column=0
   text=Unable to resolve ObjectType '$receiver.hasOntClass']]
	at org.drools.compiler.kie.builder.impl.KieContainerImpl.getKieBase(KieContainerImpl.java:557)
	at org.drools.compiler.kie.builder.impl.KieContainerImpl.newKieSession(KieContainerImpl.java:682)
	at org.drools.compiler.kie.builder.impl.KieContainerImpl.newKieSession(KieContainerImpl.java:650)
	at plugins.Drools.<init>(Drools.java:25)
	at plugins.Drools$$FastClassByGuice$$6a147f23.newInstance(<generated>)
	at com.google.inject.internal.DefaultConstructionProxyFactory$FastClassProxy.newInstance(DefaultConstructionProxyFactory.java:89)
	at com.google.inject.internal.ConstructorInjector.provision(ConstructorInjector.java:111)
	at com.google.inject.internal.ConstructorInjector.construct(ConstructorInjector.java:90)
	at com.google.inject.internal.ConstructorBindingImpl$Factory.get(ConstructorBindingImpl.java:268)
	at com.google.inject.internal.ProviderToInternalFactoryAdapter$1.call(ProviderToInternalFactoryAdapter.java:46)
	at com.google.inject.internal.InjectorImpl.callInContext(InjectorImpl.java:1092)
	at com.google.inject.internal.ProviderToInternalFactoryAdapter.get(ProviderToInternalFactoryAdapter.java:40)
	at com.google.inject.internal.SingletonScope$1.get(SingletonScope.java:194)
	at com.google.inject.internal.InternalFactoryToProviderAdapter.get(InternalFactoryToProviderAdapter.java:41)
	at com.google.inject.internal.SingleFieldInjector.inject(SingleFieldInjector.java:54)
	at com.google.inject.internal.MembersInjectorImpl.injectMembers(MembersInjectorImpl.java:132)
	at com.google.inject.internal.ConstructorInjector.provision(ConstructorInjector.java:120)
	at com.google.inject.internal.ConstructorInjector.construct(ConstructorInjector.java:90)
	at com.google.inject.internal.ConstructorBindingImpl$Factory.get(ConstructorBindingImpl.java:268)
	at com.google.inject.internal.SingleParameterInjector.inject(SingleParameterInjector.java:38)
	at com.google.inject.internal.SingleParameterInjector.getAll(SingleParameterInjector.java:62)
	at com.google.inject.internal.ConstructorInjector.provision(ConstructorInjector.java:110)
	at com.google.inject.internal.ConstructorInjector.construct(ConstructorInjector.java:90)
	at com.google.inject.internal.ConstructorBindingImpl$Factory.get(ConstructorBindingImpl.java:268)
	at com.google.inject.internal.InjectorImpl$2$1.call(InjectorImpl.java:1019)
	at com.google.inject.internal.InjectorImpl.callInContext(InjectorImpl.java:1092)
	at com.google.inject.internal.InjectorImpl$2.get(InjectorImpl.java:1015)
	at com.google.inject.internal.InjectorImpl.getInstance(InjectorImpl.java:1054)
	at play.api.inject.guice.GuiceInjector.instanceOf(GuiceInjectorBuilder.scala:409)
	at play.api.inject.ContextClassLoaderInjector.$anonfun$instanceOf$3(Injector.scala:118)
	at play.api.inject.ContextClassLoaderInjector.withContext(Injector.scala:126)
	at play.api.inject.ContextClassLoaderInjector.instanceOf(Injector.scala:118)
	at play.api.inject.RoutesProvider.$anonfun$get$2(BuiltinModule.scala:107)
	at scala.Option.fold(Option.scala:158)
	at play.api.inject.RoutesProvider.get$lzycompute(BuiltinModule.scala:107)
	at play.api.inject.RoutesProvider.get(BuiltinModule.scala:103)
	at play.api.inject.RoutesProvider.get(BuiltinModule.scala:102)
	at com.google.inject.internal.ProviderInternalFactory.provision(ProviderInternalFactory.java:81)
	at com.google.inject.internal.BoundProviderFactory.provision(BoundProviderFactory.java:72)
	at com.google.inject.internal.ProviderInternalFactory.circularGet(ProviderInternalFactory.java:61)
	at com.google.inject.internal.BoundProviderFactory.get(BoundProviderFactory.java:62)
	at com.google.inject.internal.SingleParameterInjector.inject(SingleParameterInjector.java:38)
	at com.google.inject.internal.SingleParameterInjector.getAll(SingleParameterInjector.java:62)
	at com.google.inject.internal.ConstructorInjector.provision(ConstructorInjector.java:110)
	at com.google.inject.internal.ConstructorInjector.construct(ConstructorInjector.java:90)
	at com.google.inject.internal.ConstructorBindingImpl$Factory.get(ConstructorBindingImpl.java:268)
	at com.google.inject.internal.FactoryProxy.get(FactoryProxy.java:56)
	at com.google.inject.internal.SingleParameterInjector.inject(SingleParameterInjector.java:38)
	at com.google.inject.internal.SingleParameterInjector.getAll(SingleParameterInjector.java:62)
	at com.google.inject.internal.ConstructorInjector.provision(ConstructorInjector.java:110)
	at com.google.inject.internal.ConstructorInjector.construct(ConstructorInjector.java:90)
	at com.google.inject.internal.ConstructorBindingImpl$Factory.get(ConstructorBindingImpl.java:268)
	at com.google.inject.internal.ProviderToInternalFactoryAdapter$1.call(ProviderToInternalFactoryAdapter.java:46)
	at com.google.inject.internal.InjectorImpl.callInContext(InjectorImpl.java:1092)
	at com.google.inject.internal.ProviderToInternalFactoryAdapter.get(ProviderToInternalFactoryAdapter.java:40)
	at com.google.inject.internal.SingletonScope$1.get(SingletonScope.java:194)
	at com.google.inject.internal.InternalFactoryToProviderAdapter.get(InternalFactoryToProviderAdapter.java:41)
	at com.google.inject.internal.FactoryProxy.get(FactoryProxy.java:56)
	at com.google.inject.internal.InjectorImpl$2$1.call(InjectorImpl.java:1019)
	at com.google.inject.internal.InjectorImpl.callInContext(InjectorImpl.java:1085)
	at com.google.inject.internal.InjectorImpl$2.get(InjectorImpl.java:1015)
	... 35 common frames omitted
2018-11-10 21:51:10,776 [WARN] from org.drools.compiler.kie.builder.impl.ClasspathKieProject in play-dev-mode-akka.actor.default-dispatcher-8 - Unable to find pom.properties in /Users/bingerso/GitHub-Projects/csc750-project4/bingers-project4/target/scala-2.12/classes
2018-11-10 21:51:10,776 [WARN] from org.drools.compiler.kie.builder.impl.ClasspathKieProject in play-dev-mode-akka.actor.default-dispatcher-8 - As folder project tried to fall back to pom.xml, but could not find one
2018-11-10 21:51:10,776 [WARN] from org.drools.compiler.kie.builder.impl.ClasspathKieProject in play-dev-mode-akka.actor.default-dispatcher-8 - Unable to load pom.properties from/Users/bingerso/GitHub-Projects/csc750-project4/bingers-project4/target/scala-2.12/classes
2018-11-10 21:51:10,776 [WARN] from org.drools.compiler.kie.builder.impl.ClasspathKieProject in play-dev-mode-akka.actor.default-dispatcher-8 - Cannot find maven pom properties for this project. Using the container's default ReleaseId
2018-11-10 21:51:11,001 [INFO] from play.api.http.EnabledFilters in play-dev-mode-akka.actor.default-dispatcher-8 - Enabled Filters (see <https://www.playframework.com/documentation/latest/Filters>):

    play.filters.csrf.CSRFFilter
    play.filters.headers.SecurityHeadersFilter

2018-11-10 21:51:11,010 [INFO] from play.api.Play in play-dev-mode-akka.actor.default-dispatcher-8 - Application started (Dev)
2018-11-10 21:55:14,006 [WARN] from org.drools.compiler.kie.builder.impl.ClasspathKieProject in play-dev-mode-akka.actor.default-dispatcher-11 - Unable to find pom.properties in /Users/bingerso/GitHub-Projects/csc750-project4/bingers-project4/target/scala-2.12/classes
2018-11-10 21:55:14,006 [WARN] from org.drools.compiler.kie.builder.impl.ClasspathKieProject in play-dev-mode-akka.actor.default-dispatcher-11 - As folder project tried to fall back to pom.xml, but could not find one
2018-11-10 21:55:14,006 [WARN] from org.drools.compiler.kie.builder.impl.ClasspathKieProject in play-dev-mode-akka.actor.default-dispatcher-11 - Unable to load pom.properties from/Users/bingerso/GitHub-Projects/csc750-project4/bingers-project4/target/scala-2.12/classes
2018-11-10 21:55:14,006 [WARN] from org.drools.compiler.kie.builder.impl.ClasspathKieProject in play-dev-mode-akka.actor.default-dispatcher-11 - Cannot find maven pom properties for this project. Using the container's default ReleaseId
2018-11-10 21:55:14,086 [INFO] from play.api.http.EnabledFilters in play-dev-mode-akka.actor.default-dispatcher-11 - Enabled Filters (see <https://www.playframework.com/documentation/latest/Filters>):

    play.filters.csrf.CSRFFilter
    play.filters.headers.SecurityHeadersFilter

2018-11-10 21:55:14,094 [INFO] from play.api.Play in play-dev-mode-akka.actor.default-dispatcher-11 - Application started (Dev)
2018-11-10 21:59:38,782 [WARN] from org.drools.compiler.kie.builder.impl.ClasspathKieProject in play-dev-mode-akka.actor.default-dispatcher-16 - Unable to find pom.properties in /Users/bingerso/GitHub-Projects/csc750-project4/bingers-project4/target/scala-2.12/classes
2018-11-10 21:59:38,782 [WARN] from org.drools.compiler.kie.builder.impl.ClasspathKieProject in play-dev-mode-akka.actor.default-dispatcher-16 - As folder project tried to fall back to pom.xml, but could not find one
2018-11-10 21:59:38,782 [WARN] from org.drools.compiler.kie.builder.impl.ClasspathKieProject in play-dev-mode-akka.actor.default-dispatcher-16 - Unable to load pom.properties from/Users/bingerso/GitHub-Projects/csc750-project4/bingers-project4/target/scala-2.12/classes
2018-11-10 21:59:38,782 [WARN] from org.drools.compiler.kie.builder.impl.ClasspathKieProject in play-dev-mode-akka.actor.default-dispatcher-16 - Cannot find maven pom properties for this project. Using the container's default ReleaseId
2018-11-10 21:59:38,860 [INFO] from play.api.http.EnabledFilters in play-dev-mode-akka.actor.default-dispatcher-16 - Enabled Filters (see <https://www.playframework.com/documentation/latest/Filters>):

    play.filters.csrf.CSRFFilter
    play.filters.headers.SecurityHeadersFilter

2018-11-10 21:59:38,864 [INFO] from play.api.Play in play-dev-mode-akka.actor.default-dispatcher-16 - Application started (Dev)
2018-11-10 22:01:22,521 [WARN] from org.drools.compiler.kie.builder.impl.ClasspathKieProject in play-dev-mode-akka.actor.default-dispatcher-15 - Unable to find pom.properties in /Users/bingerso/GitHub-Projects/csc750-project4/bingers-project4/target/scala-2.12/classes
2018-11-10 22:01:22,521 [WARN] from org.drools.compiler.kie.builder.impl.ClasspathKieProject in play-dev-mode-akka.actor.default-dispatcher-15 - As folder project tried to fall back to pom.xml, but could not find one
2018-11-10 22:01:22,521 [WARN] from org.drools.compiler.kie.builder.impl.ClasspathKieProject in play-dev-mode-akka.actor.default-dispatcher-15 - Unable to load pom.properties from/Users/bingerso/GitHub-Projects/csc750-project4/bingers-project4/target/scala-2.12/classes
2018-11-10 22:01:22,521 [WARN] from org.drools.compiler.kie.builder.impl.ClasspathKieProject in play-dev-mode-akka.actor.default-dispatcher-15 - Cannot find maven pom properties for this project. Using the container's default ReleaseId
2018-11-10 22:01:22,591 [INFO] from play.api.http.EnabledFilters in play-dev-mode-akka.actor.default-dispatcher-15 - Enabled Filters (see <https://www.playframework.com/documentation/latest/Filters>):

    play.filters.csrf.CSRFFilter
    play.filters.headers.SecurityHeadersFilter

2018-11-10 22:01:22,595 [INFO] from play.api.Play in play-dev-mode-akka.actor.default-dispatcher-15 - Application started (Dev)
2018-11-10 22:02:46,629 [WARN] from org.drools.compiler.kie.builder.impl.ClasspathKieProject in play-dev-mode-akka.actor.default-dispatcher-19 - Unable to find pom.properties in /Users/bingerso/GitHub-Projects/csc750-project4/bingers-project4/target/scala-2.12/classes
2018-11-10 22:02:46,629 [WARN] from org.drools.compiler.kie.builder.impl.ClasspathKieProject in play-dev-mode-akka.actor.default-dispatcher-19 - As folder project tried to fall back to pom.xml, but could not find one
2018-11-10 22:02:46,629 [WARN] from org.drools.compiler.kie.builder.impl.ClasspathKieProject in play-dev-mode-akka.actor.default-dispatcher-19 - Unable to load pom.properties from/Users/bingerso/GitHub-Projects/csc750-project4/bingers-project4/target/scala-2.12/classes
2018-11-10 22:02:46,629 [WARN] from org.drools.compiler.kie.builder.impl.ClasspathKieProject in play-dev-mode-akka.actor.default-dispatcher-19 - Cannot find maven pom properties for this project. Using the container's default ReleaseId
2018-11-10 22:02:46,700 [INFO] from play.api.http.EnabledFilters in play-dev-mode-akka.actor.default-dispatcher-19 - Enabled Filters (see <https://www.playframework.com/documentation/latest/Filters>):

    play.filters.csrf.CSRFFilter
    play.filters.headers.SecurityHeadersFilter

2018-11-10 22:02:46,704 [INFO] from play.api.Play in play-dev-mode-akka.actor.default-dispatcher-19 - Application started (Dev)
2018-11-10 22:06:11,404 [WARN] from org.drools.compiler.kie.builder.impl.ClasspathKieProject in play-dev-mode-akka.actor.default-dispatcher-17 - Unable to find pom.properties in /Users/bingerso/GitHub-Projects/csc750-project4/bingers-project4/target/scala-2.12/classes
2018-11-10 22:06:11,404 [WARN] from org.drools.compiler.kie.builder.impl.ClasspathKieProject in play-dev-mode-akka.actor.default-dispatcher-17 - As folder project tried to fall back to pom.xml, but could not find one
2018-11-10 22:06:11,404 [WARN] from org.drools.compiler.kie.builder.impl.ClasspathKieProject in play-dev-mode-akka.actor.default-dispatcher-17 - Unable to load pom.properties from/Users/bingerso/GitHub-Projects/csc750-project4/bingers-project4/target/scala-2.12/classes
2018-11-10 22:06:11,404 [WARN] from org.drools.compiler.kie.builder.impl.ClasspathKieProject in play-dev-mode-akka.actor.default-dispatcher-17 - Cannot find maven pom properties for this project. Using the container's default ReleaseId
2018-11-10 22:06:11,484 [INFO] from play.api.http.EnabledFilters in play-dev-mode-akka.actor.default-dispatcher-17 - Enabled Filters (see <https://www.playframework.com/documentation/latest/Filters>):

    play.filters.csrf.CSRFFilter
    play.filters.headers.SecurityHeadersFilter

2018-11-10 22:06:11,487 [INFO] from play.api.Play in play-dev-mode-akka.actor.default-dispatcher-17 - Application started (Dev)
2018-11-10 22:10:27,904 [WARN] from org.drools.compiler.kie.builder.impl.ClasspathKieProject in play-dev-mode-akka.actor.default-dispatcher-25 - Unable to find pom.properties in /Users/bingerso/GitHub-Projects/csc750-project4/bingers-project4/target/scala-2.12/classes
2018-11-10 22:10:27,904 [WARN] from org.drools.compiler.kie.builder.impl.ClasspathKieProject in play-dev-mode-akka.actor.default-dispatcher-25 - As folder project tried to fall back to pom.xml, but could not find one
2018-11-10 22:10:27,904 [WARN] from org.drools.compiler.kie.builder.impl.ClasspathKieProject in play-dev-mode-akka.actor.default-dispatcher-25 - Unable to load pom.properties from/Users/bingerso/GitHub-Projects/csc750-project4/bingers-project4/target/scala-2.12/classes
2018-11-10 22:10:27,904 [WARN] from org.drools.compiler.kie.builder.impl.ClasspathKieProject in play-dev-mode-akka.actor.default-dispatcher-25 - Cannot find maven pom properties for this project. Using the container's default ReleaseId
2018-11-10 22:10:28,019 [INFO] from play.api.http.EnabledFilters in play-dev-mode-akka.actor.default-dispatcher-25 - Enabled Filters (see <https://www.playframework.com/documentation/latest/Filters>):

    play.filters.csrf.CSRFFilter
    play.filters.headers.SecurityHeadersFilter

2018-11-10 22:10:28,026 [INFO] from play.api.Play in play-dev-mode-akka.actor.default-dispatcher-25 - Application started (Dev)
2018-11-10 22:15:54,914 [WARN] from org.drools.compiler.kie.builder.impl.ClasspathKieProject in play-dev-mode-akka.actor.default-dispatcher-26 - Unable to find pom.properties in /Users/bingerso/GitHub-Projects/csc750-project4/bingers-project4/target/scala-2.12/classes
2018-11-10 22:15:54,914 [WARN] from org.drools.compiler.kie.builder.impl.ClasspathKieProject in play-dev-mode-akka.actor.default-dispatcher-26 - As folder project tried to fall back to pom.xml, but could not find one
2018-11-10 22:15:54,914 [WARN] from org.drools.compiler.kie.builder.impl.ClasspathKieProject in play-dev-mode-akka.actor.default-dispatcher-26 - Unable to load pom.properties from/Users/bingerso/GitHub-Projects/csc750-project4/bingers-project4/target/scala-2.12/classes
2018-11-10 22:15:54,914 [WARN] from org.drools.compiler.kie.builder.impl.ClasspathKieProject in play-dev-mode-akka.actor.default-dispatcher-26 - Cannot find maven pom properties for this project. Using the container's default ReleaseId
2018-11-10 22:15:54,998 [INFO] from play.api.http.EnabledFilters in play-dev-mode-akka.actor.default-dispatcher-26 - Enabled Filters (see <https://www.playframework.com/documentation/latest/Filters>):

    play.filters.csrf.CSRFFilter
    play.filters.headers.SecurityHeadersFilter

2018-11-10 22:15:55,001 [INFO] from play.api.Play in play-dev-mode-akka.actor.default-dispatcher-26 - Application started (Dev)
2018-11-10 22:17:57,156 [WARN] from org.drools.compiler.kie.builder.impl.ClasspathKieProject in play-dev-mode-akka.actor.default-dispatcher-24 - Unable to find pom.properties in /Users/bingerso/GitHub-Projects/csc750-project4/bingers-project4/target/scala-2.12/classes
2018-11-10 22:17:57,156 [WARN] from org.drools.compiler.kie.builder.impl.ClasspathKieProject in play-dev-mode-akka.actor.default-dispatcher-24 - As folder project tried to fall back to pom.xml, but could not find one
2018-11-10 22:17:57,156 [WARN] from org.drools.compiler.kie.builder.impl.ClasspathKieProject in play-dev-mode-akka.actor.default-dispatcher-24 - Unable to load pom.properties from/Users/bingerso/GitHub-Projects/csc750-project4/bingers-project4/target/scala-2.12/classes
2018-11-10 22:17:57,156 [WARN] from org.drools.compiler.kie.builder.impl.ClasspathKieProject in play-dev-mode-akka.actor.default-dispatcher-24 - Cannot find maven pom properties for this project. Using the container's default ReleaseId
2018-11-10 22:17:57,271 [INFO] from play.api.http.EnabledFilters in play-dev-mode-akka.actor.default-dispatcher-24 - Enabled Filters (see <https://www.playframework.com/documentation/latest/Filters>):

    play.filters.csrf.CSRFFilter
    play.filters.headers.SecurityHeadersFilter

2018-11-10 22:17:57,273 [INFO] from play.api.Play in play-dev-mode-akka.actor.default-dispatcher-24 - Application started (Dev)
2018-11-10 22:19:26,269 [WARN] from org.drools.compiler.kie.builder.impl.ClasspathKieProject in play-dev-mode-akka.actor.default-dispatcher-24 - Unable to find pom.properties in /Users/bingerso/GitHub-Projects/csc750-project4/bingers-project4/target/scala-2.12/classes
2018-11-10 22:19:26,269 [WARN] from org.drools.compiler.kie.builder.impl.ClasspathKieProject in play-dev-mode-akka.actor.default-dispatcher-24 - As folder project tried to fall back to pom.xml, but could not find one
2018-11-10 22:19:26,269 [WARN] from org.drools.compiler.kie.builder.impl.ClasspathKieProject in play-dev-mode-akka.actor.default-dispatcher-24 - Unable to load pom.properties from/Users/bingerso/GitHub-Projects/csc750-project4/bingers-project4/target/scala-2.12/classes
2018-11-10 22:19:26,269 [WARN] from org.drools.compiler.kie.builder.impl.ClasspathKieProject in play-dev-mode-akka.actor.default-dispatcher-24 - Cannot find maven pom properties for this project. Using the container's default ReleaseId
2018-11-10 22:19:26,359 [INFO] from play.api.http.EnabledFilters in play-dev-mode-akka.actor.default-dispatcher-24 - Enabled Filters (see <https://www.playframework.com/documentation/latest/Filters>):

    play.filters.csrf.CSRFFilter
    play.filters.headers.SecurityHeadersFilter

2018-11-10 22:19:26,361 [INFO] from play.api.Play in play-dev-mode-akka.actor.default-dispatcher-24 - Application started (Dev)
